<?xml version="1.0" encoding="UTF-8"?>
<!-- Generated by org.testng.reporters.JUnitXMLReporter -->
<testsuite ignored="5" hostname="DESKTOP-MCS3M3G" failures="1" tests="3" name="CreatePortifolioTest" time="33.02" errors="0" timestamp="2023-05-18T14:32:33 IST">
  <testcase classname="testcases.BaseTest" name="@BeforeMethod beforeMethod" time="0.009">
    <skipped/>
  </testcase> <!-- @BeforeMethod beforeMethod -->
  <testcase classname="testcases.BaseTest" name="@BeforeMethod beforeMethod" time="0.0">
    <skipped/>
  </testcase> <!-- @BeforeMethod beforeMethod -->
  <testcase classname="testcases.Session" name="doLogin" time="31.247">
    <failure type="java.lang.AssertionError" message="The following asserts failed:
	Test is incorrect">
      <![CDATA[java.lang.AssertionError: The following asserts failed:
Test is incorrect
at keywords.GenericKeywords.assertAll(GenericKeywords.java:217)
at keywords.GenericKeywords.reportFailure(GenericKeywords.java:211)
at testcases.Session.doLogin(Session.java:47)
at java.base/java.util.ArrayList.forEach(ArrayList.java:1511)
... Removed 29 stack frames]]>
    </failure>
  </testcase> <!-- doLogin -->
  <testcase classname="testcases.Session" name="doLogout" time="0.0">
    <skipped/>
  </testcase> <!-- doLogout -->
  <testcase classname="testcases.PortifolioMgmt" name="createPortifolio" time="0.0">
    <skipped/>
  </testcase> <!-- createPortifolio -->
  <testcase classname="testcases.BaseTest" name="@AfterTest afterTest" time="0.0">
    <ignored/>
  </testcase> <!-- @AfterTest afterTest -->
  <testcase classname="testcases.PortifolioMgmt" name="deletePortifolio" time="0.0">
    <ignored/>
  </testcase> <!-- deletePortifolio -->
  <testcase classname="testcases.BaseTest" name="@BeforeTest beforeTest" time="0.0">
    <ignored/>
  </testcase> <!-- @BeforeTest beforeTest -->
  <testcase classname="testcases.PortifolioMgmt" name="selectPortifolio" time="0.0">
    <ignored/>
  </testcase> <!-- selectPortifolio -->
  <testcase classname="testcases.Session" name="registration" time="0.0">
    <ignored/>
  </testcase> <!-- registration -->
</testsuite> <!-- CreatePortifolioTest -->
